==> Options: Namespace(advweight=0.5, arch='nin', data='/home/rohit.gajawada/data', evaluate=False, losstype='gan', netD='basic', netDlr=0.001, pretrainedstudent=None, studlr=0.001, teacher='./best_acc.pth')
==> building model nin ...
==> Initializing model parameters ...
Transferring  net_1.0.weight  to  classifer.0.weight
Transferring  net_1.0.bias  to  classifer.0.bias
Transferring  net_1.2.weight  to  classifer.2.weight
Transferring  net_1.2.bias  to  classifer.2.bias
Transferring  net_1.4.weight  to  classifer.4.weight
Transferring  net_1.4.bias  to  classifer.4.bias
Transferring  net_2.0.weight  to  classifer.8.weight
Transferring  net_2.0.bias  to  classifer.8.bias
Transferring  net_2.2.weight  to  classifer.10.weight
Transferring  net_2.2.bias  to  classifer.10.bias
Transferring  net_2.4.weight  to  classifer.12.weight
Transferring  net_2.4.bias  to  classifer.12.bias
Transferring  net_3.0.weight  to  classifer.16.weight
Transferring  net_3.0.bias  to  classifer.16.bias
Transferring  net_3.2.weight  to  classifer.18.weight
Transferring  net_3.2.bias  to  classifer.18.bias
Transferring  net_3.4.weight  to  classifer.20.weight
Transferring  net_3.4.bias  to  classifer.20.bias
Teacher Loaded!
Teacher showing student

Test set: Average loss: 0.4817, Accuracy: 9008/10000 (90.08%)
Best Accuracy: 0.00%

Now testing dumb student
10.12 0
==> Saving models ...

Test set: Average loss: 2.3290, Accuracy: 1012/10000 (10.12%)
Best Accuracy: 10.12%

1 0.705245554447 0.701171159744 2.29875588417
Train Epoch: 1 [0/50000 (0%)]	Loss: 1.766228	LR: 0.001
1 1.17679274082 0.106332369149 2.30276846886
1 0.498651653528 0.629361629486 2.27349543571
1 0.473341315985 0.676521778107 2.27267408371
1 0.457559227943 0.528215587139 2.22696757317
1 0.392699986696 0.614029526711 2.25700855255
1 0.330584615469 0.754281163216 2.22747778893
1 0.296415477991 0.827079892159 2.22228336334
1 0.256728172302 0.934078633785 2.16036653519
1 0.202880233526 1.13944387436 2.26267790794
1 0.126605913043 1.51027846336 2.25210952759
1 0.0619335435331 2.15174031258 2.16280031204
1 0.0338330082595 3.18713021278 2.20601344109
1 -0.00498139858246 4.7118024826 2.11011576653
1 0.027031628415 6.14845705032 2.12916064262
1 0.0287325400859 8.01479816437 2.17857527733
1 -0.0179099813104 9.48276805878 2.10851097107
1 0.019858347252 9.61171531677 2.13969779015
1 0.00215796940029 9.78414058685 2.11168694496
1 0.0215202365071 6.6751666069 2.08244419098
1 -0.00770688429475 5.43073892593 2.06966352463
1 0.000308115035295 8.1696767807 2.07229232788
1 -0.0312192030251 13.9854755402 2.04668045044
1 -0.0142766851932 19.3330802917 2.05790662766
1 0.35146060586 24.7369594574 1.97229707241
1 0.00508908927441 13.4895019531 2.01003527641
1 1.86194765568 0.0559806711972 2.0306494236
1 -0.0208348575979 11.6581258774 2.05345010757
1 -0.0713245496154 20.0170860291 1.88975405693
1 -0.0328946597874 25.5254802704 1.91137802601
1 0.610878586769 28.7723865509 1.94302213192
1 0.238374680281 28.308555603 1.94695353508
1 -0.00336095038801 25.3202819824 1.90522181988
1 0.01546895504 23.2542285919 1.87879133224
1 -0.00804134085774 20.2194061279 1.96018123627
1 0.0747370049357 16.7767124176 1.91863620281
1 0.0132893342525 13.4729089737 1.91421949863
1 -0.0763432085514 9.59471130371 1.83809638023
1 0.0811967849731 5.58806753159 1.92575466633
1 -0.136338293552 3.14211583138 1.86638641357
1 -0.127596631646 4.70054340363 2.02985692024
1 -0.159567311406 6.38933372498 1.90101087093
1 -0.100183054805 7.52929782867 1.77202260494
slurmstepd: Job 109866 exceeded memory limit (17324912 > 16777216), being killed
slurmstepd: Exceeded job memory limit
slurmstepd: *** JOB 109866 ON gnode07 CANCELLED AT 2018-08-01T16:36:01 ***
