==> Options: Namespace(advweight=0.5, arch='nin', data='/home/rohit.gajawada/data', evaluate=False, losstype='gan', netD='basic', netDlr=0.001, pretrainedstudent=None, studlr=0.001, teacher='./best_acc.pth')
==> building model nin ...
==> Initializing model parameters ...
Transferring  net_1.0.weight  to  classifer.0.weight
Transferring  net_1.0.bias  to  classifer.0.bias
Transferring  net_1.2.weight  to  classifer.2.weight
Transferring  net_1.2.bias  to  classifer.2.bias
Transferring  net_1.4.weight  to  classifer.4.weight
Transferring  net_1.4.bias  to  classifer.4.bias
Transferring  net_2.0.weight  to  classifer.8.weight
Transferring  net_2.0.bias  to  classifer.8.bias
Transferring  net_2.2.weight  to  classifer.10.weight
Transferring  net_2.2.bias  to  classifer.10.bias
Transferring  net_2.4.weight  to  classifer.12.weight
Transferring  net_2.4.bias  to  classifer.12.bias
Transferring  net_3.0.weight  to  classifer.16.weight
Transferring  net_3.0.bias  to  classifer.16.bias
Transferring  net_3.2.weight  to  classifer.18.weight
Transferring  net_3.2.bias  to  classifer.18.bias
Transferring  net_3.4.weight  to  classifer.20.weight
Transferring  net_3.4.bias  to  classifer.20.bias
Teacher Loaded!
Teacher showing student

Test set: Average loss: 0.4817, Accuracy: 9008/10000 (90.08%)
Best Accuracy: 0.00%

Now testing dumb student
10.12 0
==> Saving models ...

Test set: Average loss: 2.3290, Accuracy: 1012/10000 (10.12%)
Best Accuracy: 10.12%

1 0.705245554447 0.701171159744 2.29875588417
Train Epoch: 1 [0/50000 (0%)]	Loss: 1.766228	LR: 0.001
1 1.17679262161 0.106332361698 2.30276846886
1 0.498669236898 0.629337310791 2.27732300758
1 0.474096596241 0.675052344799 2.28063249588
1 0.455096274614 0.531870722771 2.22740721703
1 0.391042649746 0.616433739662 2.25384902954
1 0.329958826303 0.755637228489 2.22635912895
1 0.295906156301 0.828717648983 2.22686862946
1 0.257284373045 0.93243843317 2.16709280014
1 0.203681007028 1.1360502243 2.25590372086
1 0.126221895218 1.51339864731 2.24903941154
1 0.0622379407287 2.15216708183 2.17093658447
1 0.0338990315795 3.18961453438 2.2057082653
1 -0.00530497822911 4.71350049973 2.12067127228
1 0.0282255150378 6.23310232162 2.12513685226
1 0.0274209547788 8.12245750427 2.21006178856
1 -0.0156532302499 10.0385198593 2.10187101364
1 0.0213480778039 9.91870689392 2.15841197968
1 -0.000998863950372 9.06202316284 2.09339380264
1 0.0354488603771 3.96597480774 2.07994365692
1 -0.00261467229575 12.30834198 2.08062028885
1 -0.0211382135749 17.7146472931 2.0740070343
1 0.196462526917 22.6033401489 2.02101993561
1 -0.00175117701292 13.5108880997 2.03272032738
1 0.628515899181 0.610783696175 1.97056865692
1 0.000965324230492 11.5581760406 2.01843976974
1 -0.0150541886687 18.0969734192 2.01945209503
1 -0.0198346655816 22.2050247192 2.07334065437
1 -0.0722760856152 24.9732303619 1.88744366169
1 0.076696485281 26.7979679108 1.85786676407
1 0.166115507483 27.0811710358 1.96751081944
1 0.0274880863726 26.249250412 1.95782852173
1 -0.00642741611227 24.7293682098 1.95606744289
1 0.0192564949393 23.1684989929 1.85812950134
1 -0.0144348144531 21.1994247437 1.94612586498
1 0.0584298148751 19.1246891022 1.89920604229
1 0.00848109647632 17.2702903748 1.92427825928
1 -0.0731532052159 15.2647075653 1.79765880108
1 0.0522678643465 13.2602090836 1.93366611004
slurmstepd: Job 109915 exceeded memory limit (17337696 > 16777216), being killed
1 -0.129502743483 12.2425670624 1.85395109653
slurmstepd: Exceeded job memory limit
slurmstepd: *** JOB 109915 ON gnode15 CANCELLED AT 2018-08-01T17:27:03 ***
